Log file open, 03/09/20 15:18:15
LogWindows: Failed to load 'aqProf.dll' (GetLastError=126)
LogWindows: File 'aqProf.dll' does not exist
LogWindows: Failed to load 'VtuneApi.dll' (GetLastError=126)
LogWindows: File 'VtuneApi.dll' does not exist
LogWindows: Failed to load 'VtuneApi32e.dll' (GetLastError=126)
LogWindows: File 'VtuneApi32e.dll' does not exist
LogConsoleResponse: Display: Failed to find resolution value strings in scalability ini. Falling back to default.
LogInit: Display: Running engine for game: laserPuzzle
LogPlatformFile: Not using cached read wrapper
LogTaskGraph: Started task graph with 5 named threads and 14 total threads with 3 sets of task threads.
LogStats: Stats thread started at 0.303542
LogD3D11RHI: Loaded GFSDK_Aftermath_Lib.x64.dll
LogICUInternationalization: ICU TimeZone Detection - Raw Offset: +1:00, Platform Override: ''
LogPluginManager: Mounting plugin Paper2D
LogPluginManager: Mounting plugin AISupport
LogPluginManager: Mounting plugin LightPropagationVolume
LogPluginManager: Mounting plugin ActorLayerUtilities
LogPluginManager: Mounting plugin AnimationSharing
LogPluginManager: Mounting plugin CLionSourceCodeAccess
LogPluginManager: Mounting plugin CodeLiteSourceCodeAccess
LogPluginManager: Mounting plugin GitSourceControl
LogPluginManager: Mounting plugin KDevelopSourceCodeAccess
LogPluginManager: Mounting plugin NullSourceCodeAccess
LogPluginManager: Mounting plugin PerforceSourceControl
LogPluginManager: Mounting plugin SubversionSourceControl
LogPluginManager: Mounting plugin UObjectPlugin
LogPluginManager: Mounting plugin VisualStudioCodeSourceCodeAccess
LogPluginManager: Mounting plugin VisualStudioSourceCodeAccess
LogPluginManager: Mounting plugin XCodeSourceCodeAccess
LogPluginManager: Mounting plugin AssetManagerEditor
LogPluginManager: Mounting plugin CryptoKeys
LogPluginManager: Mounting plugin CurveEditorTools
LogPluginManager: Mounting plugin DataValidation
LogPluginManager: Mounting plugin FacialAnimation
LogPluginManager: Mounting plugin GameplayTagsEditor
LogPluginManager: Mounting plugin MacGraphicsSwitching
LogPluginManager: Mounting plugin MaterialAnalyzer
LogPluginManager: Mounting plugin MobileLauncherProfileWizard
LogPluginManager: Mounting plugin PluginBrowser
LogPluginManager: Mounting plugin SpeedTreeImporter
LogPluginManager: Mounting plugin DatasmithContent
LogPluginManager: Mounting plugin VariantManagerContent
LogPluginManager: Mounting plugin AlembicImporter
LogPluginManager: Mounting plugin AutomationUtils
LogPluginManager: Mounting plugin BackChannel
LogPluginManager: Mounting plugin CharacterAI
LogPluginManager: Mounting plugin GeometryCache
LogPluginManager: Mounting plugin HTML5Networking
LogPluginManager: Mounting plugin PlatformCrypto
LogPluginManager: Mounting plugin ProxyLODPlugin
LogPluginManager: Mounting plugin SkeletalReduction
LogPluginManager: Mounting plugin MagicLeap
LogPluginManager: Mounting plugin MagicLeapMedia
LogPluginManager: Mounting plugin AndroidMedia
LogPluginManager: Mounting plugin AvfMedia
LogPluginManager: Mounting plugin ImgMedia
LogPluginManager: Mounting plugin MediaCompositing
LogPluginManager: Mounting plugin MediaPlayerEditor
LogPluginManager: Mounting plugin WebMMedia
LogPluginManager: Mounting plugin WmfMedia
LogPluginManager: Mounting plugin TcpMessaging
LogPluginManager: Mounting plugin UdpMessaging
LogPluginManager: Mounting plugin ActorSequence
LogPluginManager: Mounting plugin LevelSequenceEditor
LogPluginManager: Mounting plugin MatineeToLevelSequence
LogPluginManager: Mounting plugin NetcodeUnitTest
LogPluginManager: Mounting plugin NUTUnrealEngine4
LogPluginManager: Mounting plugin OnlineSubsystemGooglePlay
LogPluginManager: Mounting plugin OnlineSubsystemIOS
LogPluginManager: Mounting plugin OnlineSubsystem
LogPluginManager: Mounting plugin OnlineSubsystemNull
LogPluginManager: Mounting plugin OnlineSubsystemUtils
LogPluginManager: Mounting plugin LauncherChunkInstaller
LogPluginManager: Mounting plugin AndroidDeviceProfileSelector
LogPluginManager: Mounting plugin AndroidMoviePlayer
LogPluginManager: Mounting plugin AndroidPermission
LogPluginManager: Mounting plugin AppleImageUtils
LogPluginManager: Mounting plugin AppleMoviePlayer
LogPluginManager: Mounting plugin ArchVisCharacter
LogPluginManager: Mounting plugin AudioCapture
LogPluginManager: Mounting plugin CableComponent
LogPluginManager: Mounting plugin CustomMeshComponent
LogPluginManager: Mounting plugin EditableMesh
LogPluginManager: Mounting plugin ExampleDeviceProfileSelector
LogPluginManager: Mounting plugin GoogleCloudMessaging
LogPluginManager: Mounting plugin IOSDeviceProfileSelector
LogPluginManager: Mounting plugin LinuxDeviceProfileSelector
LogPluginManager: Mounting plugin LocationServicesBPLibrary
LogPluginManager: Mounting plugin MobilePatchingUtils
LogPluginManager: Mounting plugin OculusVR
LogPluginManager: Mounting plugin PhysXVehicles
LogPluginManager: Mounting plugin ProceduralMeshComponent
LogPluginManager: Mounting plugin RuntimePhysXCooking
LogPluginManager: Mounting plugin SignificanceManager
LogPluginManager: Mounting plugin SteamVR
LogPluginManager: Mounting plugin WebMMoviePlayer
LogPluginManager: Mounting plugin WindowsMoviePlayer
LogPluginManager: Mounting plugin ScreenshotTools
LogInit: Using libcurl 7.55.1-DEV
LogInit:  - built for x86_64-pc-win32
LogInit:  - supports SSL with OpenSSL/1.1.1
LogInit:  - supports HTTP deflate (compression) using libz 1.2.8
LogInit:  - other features:
LogInit:      CURL_VERSION_SSL
LogInit:      CURL_VERSION_LIBZ
LogInit:      CURL_VERSION_IPV6
LogInit:      CURL_VERSION_ASYNCHDNS
LogInit:      CURL_VERSION_LARGEFILE
LogInit:      CURL_VERSION_IDN
LogInit:  CurlRequestOptions (configurable via config and command line):
LogInit:  - bVerifyPeer = true  - Libcurl will verify peer certificate
LogInit:  - bUseHttpProxy = false  - Libcurl will NOT use HTTP proxy
LogInit:  - bDontReuseConnections = false  - Libcurl will reuse connections
LogInit:  - MaxHostConnections = 16  - Libcurl will limit the number of connections to a host
LogInit:  - LocalHostAddr = Default
LogInit:  - BufferSize = 65536
LogOnline: OSS: Creating online subsystem instance for: NULL
LogInit: WinSock: version 1.1 (2.2), MaxSocks=32767, MaxUdp=65467
LogInit: Build: ++UE4+Release-4.23-CL-9631420
LogInit: Engine Version: 4.23.1-9631420+++UE4+Release-4.23
LogInit: Compatible Engine Version: 4.23.0-8386587+++UE4+Release-4.23
LogInit: Net CL: 8386587
LogInit: OS: Windows 8.1 (), CPU: Intel(R) Core(TM) i5-6600K CPU @ 3.50GHz, GPU: NVIDIA GeForce GTX 970
LogInit: Compiled (64-bit): Oct 18 2019 02:07:44
LogInit: Compiled with Visual C++: 19.16.27030.01
LogInit: Build Configuration: Development
LogInit: Branch Name: ++UE4+Release-4.23
LogInit: Command Line: 
LogInit: Base Directory: C:/Program Files/Epic Games/UE_4.23/Engine/Binaries/Win64/
LogInit: Installed Engine Build: 1
LogDevObjectVersion: Number of dev versions registered: 23
LogDevObjectVersion:   Dev-Blueprints (B0D832E4-1F89-4F0D-ACCF-7EB736FD4AA2): 10
LogDevObjectVersion:   Dev-Build (E1C64328-A22C-4D53-A36C-8E866417BD8C): 0
LogDevObjectVersion:   Dev-Core (375EC13C-06E4-48FB-B500-84F0262A717E): 3
LogDevObjectVersion:   Dev-Editor (E4B068ED-F494-42E9-A231-DA0B2E46BB41): 34
LogDevObjectVersion:   Dev-Framework (CFFC743F-43B0-4480-9391-14DF171D2073): 35
LogDevObjectVersion:   Dev-Mobile (B02B49B5-BB20-44E9-A304-32B752E40360): 2
LogDevObjectVersion:   Dev-Networking (A4E4105C-59A1-49B5-A7C5-40C4547EDFEE): 0
LogDevObjectVersion:   Dev-Online (39C831C9-5AE6-47DC-9A44-9C173E1C8E7C): 0
LogDevObjectVersion:   Dev-Physics (78F01B33-EBEA-4F98-B9B4-84EACCB95AA2): 0
LogDevObjectVersion:   Dev-Platform (6631380F-2D4D-43E0-8009-CF276956A95A): 0
LogDevObjectVersion:   Dev-Rendering (12F88B9F-8875-4AFC-A67C-D90C383ABD29): 31
LogDevObjectVersion:   Dev-Sequencer (7B5AE74C-D270-4C10-A958-57980B212A5A): 11
LogDevObjectVersion:   Dev-VR (D7296918-1DD6-4BDD-9DE2-64A83CC13884): 2
LogDevObjectVersion:   Dev-LoadTimes (C2A15278-BFE7-4AFE-6C17-90FF531DF755): 1
LogDevObjectVersion:   Private-Geometry (6EACA3D4-40EC-4CC1-B786-8BED09428FC5): 3
LogDevObjectVersion:   Dev-AnimPhys (29E575DD-E0A3-4627-9D10-D276232CDCEA): 17
LogDevObjectVersion:   Dev-Anim (AF43A65D-7FD3-4947-9873-3E8ED9C1BB05): 2
LogDevObjectVersion:   Dev-ReflectionCapture (6B266CEC-1EC7-4B8F-A30B-E4D90942FC07): 1
LogDevObjectVersion:   Dev-Automation (0DF73D61-A23F-47EA-B727-89E90C41499A): 1
LogDevObjectVersion:   FortniteMain (601D1886-AC64-4F84-AA16-D3DE0DEAC7D6): 27
LogDevObjectVersion:   Dev-Enterprise (9DFFBCD6-494F-0158-E221-12823C92A888): 6
LogDevObjectVersion:   Dev-Niagara (F2AED0AC-9AFE-416F-8664-AA7FFA26D6FC): 1
LogDevObjectVersion:   Dev-Destruction (174F1F0B-B4C6-45A5-B13F-2EE8D0FB917D): 9
LogInit: Presizing for max 16777216 objects, including 0 objects not considered by GC, pre-allocating 0 bytes for permanent pool.
LogInit: Object subsystem initialized
LogConfig: Setting CVar [[con.DebugEarlyDefault:1]]
LogConfig: Setting CVar [[r.setres:1280x720]]
[2020.03.09-14.18.15:822][  0]LogConfig: Setting CVar [[r.VSync:0]]
[2020.03.09-14.18.15:822][  0]LogConfig: Setting CVar [[r.RHICmdBypass:0]]
[2020.03.09-14.18.15:822][  0]LogConfig: Applying CVar settings from Section [/Script/Engine.RendererSettings] File [C:/Users/ivan_PC/Desktop/LaserPuzzle/laserPuzzle_/Saved/Config/Windows/Engine.ini]
[2020.03.09-14.18.15:822][  0]LogConfig: Setting CVar [[r.GPUCrashDebugging:0]]
[2020.03.09-14.18.15:822][  0]LogConfig: Setting CVar [[r.DefaultFeature.AutoExposure:0]]
[2020.03.09-14.18.15:822][  0]LogConfig: Applying CVar settings from Section [/Script/Engine.RendererOverrideSettings] File [C:/Users/ivan_PC/Desktop/LaserPuzzle/laserPuzzle_/Saved/Config/Windows/Engine.ini]
[2020.03.09-14.18.15:822][  0]LogConfig: Applying CVar settings from Section [/Script/Engine.StreamingSettings] File [C:/Users/ivan_PC/Desktop/LaserPuzzle/laserPuzzle_/Saved/Config/Windows/Engine.ini]
[2020.03.09-14.18.15:822][  0]LogConfig: Setting CVar [[s.MinBulkDataSizeForAsyncLoading:131072]]
[2020.03.09-14.18.15:822][  0]LogConfig: Setting CVar [[s.AsyncLoadingThreadEnabled:0]]
[2020.03.09-14.18.15:822][  0]LogConfig: Setting CVar [[s.EventDrivenLoaderEnabled:1]]
[2020.03.09-14.18.15:822][  0]LogConfig: Setting CVar [[s.WarnIfTimeLimitExceeded:0]]
[2020.03.09-14.18.15:822][  0]LogConfig: Setting CVar [[s.TimeLimitExceededMultiplier:1.5]]
[2020.03.09-14.18.15:822][  0]LogConfig: Setting CVar [[s.TimeLimitExceededMinTime:0.005]]
[2020.03.09-14.18.15:822][  0]LogConfig: Setting CVar [[s.UseBackgroundLevelStreaming:1]]
[2020.03.09-14.18.15:822][  0]LogConfig: Setting CVar [[s.PriorityAsyncLoadingExtraTime:15.0]]
[2020.03.09-14.18.15:822][  0]LogConfig: Setting CVar [[s.LevelStreamingActorsUpdateTimeLimit:5.0]]
[2020.03.09-14.18.15:822][  0]LogConfig: Setting CVar [[s.PriorityLevelStreamingActorsUpdateExtraTime:5.0]]
[2020.03.09-14.18.15:822][  0]LogConfig: Setting CVar [[s.LevelStreamingComponentsRegistrationGranularity:10]]
[2020.03.09-14.18.15:822][  0]LogConfig: Setting CVar [[s.UnregisterComponentsTimeLimit:1.0]]
[2020.03.09-14.18.15:822][  0]LogConfig: Setting CVar [[s.LevelStreamingComponentsUnregistrationGranularity:5]]
[2020.03.09-14.18.15:822][  0]LogConfig: Applying CVar settings from Section [/Script/Engine.GarbageCollectionSettings] File [C:/Users/ivan_PC/Desktop/LaserPuzzle/laserPuzzle_/Saved/Config/Windows/Engine.ini]
[2020.03.09-14.18.15:822][  0]LogConfig: Setting CVar [[gc.MaxObjectsNotConsideredByGC:1]]
[2020.03.09-14.18.15:822][  0]LogConfig: Setting CVar [[gc.SizeOfPermanentObjectPool:0]]
[2020.03.09-14.18.15:822][  0]LogConfig: Setting CVar [[gc.FlushStreamingOnGC:0]]
[2020.03.09-14.18.15:822][  0]LogConfig: Setting CVar [[gc.NumRetriesBeforeForcingGC:10]]
[2020.03.09-14.18.15:822][  0]LogConfig: Setting CVar [[gc.AllowParallelGC:1]]
[2020.03.09-14.18.15:822][  0]LogConfig: Setting CVar [[gc.TimeBetweenPurgingPendingKillObjects:61.1]]
[2020.03.09-14.18.15:822][  0]LogConfig: Setting CVar [[gc.MaxObjectsInEditor:16777216]]
[2020.03.09-14.18.15:822][  0]LogConfig: Setting CVar [[gc.IncrementalBeginDestroyEnabled:1]]
[2020.03.09-14.18.15:822][  0]LogConfig: Setting CVar [[gc.CreateGCClusters:1]]
[2020.03.09-14.18.15:822][  0]LogConfig: Setting CVar [[gc.MinGCClusterSize:5]]
[2020.03.09-14.18.15:822][  0]LogConfig: Setting CVar [[gc.ActorClusteringEnabled:0]]
[2020.03.09-14.18.15:822][  0]LogConfig: Setting CVar [[gc.BlueprintClusteringEnabled:0]]
[2020.03.09-14.18.15:822][  0]LogConfig: Setting CVar [[gc.UseDisregardForGCOnDedicatedServers:0]]
[2020.03.09-14.18.15:822][  0]LogConfig: Applying CVar settings from Section [/Script/Engine.NetworkSettings] File [C:/Users/ivan_PC/Desktop/LaserPuzzle/laserPuzzle_/Saved/Config/Windows/Engine.ini]
[2020.03.09-14.18.15:822][  0]LogConfig: Applying CVar settings from Section [/Script/UnrealEd.CookerSettings] File [C:/Users/ivan_PC/Desktop/LaserPuzzle/laserPuzzle_/Saved/Config/Windows/Engine.ini]
[2020.03.09-14.18.15:827][  0]LogConfig: Applying CVar settings from Section [ViewDistanceQuality@3] File [C:/Users/ivan_PC/Desktop/LaserPuzzle/laserPuzzle_/Saved/Config/Windows/Scalability.ini]
[2020.03.09-14.18.15:827][  0]LogConfig: Setting CVar [[r.SkeletalMeshLODBias:0]]
[2020.03.09-14.18.15:827][  0]LogConfig: Setting CVar [[r.ViewDistanceScale:1.0]]
[2020.03.09-14.18.15:827][  0]LogConfig: Applying CVar settings from Section [AntiAliasingQuality@3] File [C:/Users/ivan_PC/Desktop/LaserPuzzle/laserPuzzle_/Saved/Config/Windows/Scalability.ini]
[2020.03.09-14.18.15:827][  0]LogConfig: Setting CVar [[r.PostProcessAAQuality:4]]
[2020.03.09-14.18.15:827][  0]LogConfig: Applying CVar settings from Section [ShadowQuality@3] File [C:/Users/ivan_PC/Desktop/LaserPuzzle/laserPuzzle_/Saved/Config/Windows/Scalability.ini]
[2020.03.09-14.18.15:827][  0]LogConfig: Setting CVar [[r.LightFunctionQuality:1]]
[2020.03.09-14.18.15:827][  0]LogConfig: Setting CVar [[r.ShadowQuality:5]]
[2020.03.09-14.18.15:827][  0]LogConfig: Setting CVar [[r.Shadow.CSM.MaxCascades:10]]
[2020.03.09-14.18.15:827][  0]LogConfig: Setting CVar [[r.Shadow.MaxResolution:2048]]
[2020.03.09-14.18.15:827][  0]LogConfig: Setting CVar [[r.Shadow.MaxCSMResolution:2048]]
[2020.03.09-14.18.15:827][  0]LogConfig: Setting CVar [[r.Shadow.RadiusThreshold:0.01]]
[2020.03.09-14.18.15:827][  0]LogConfig: Setting CVar [[r.Shadow.DistanceScale:1.0]]
[2020.03.09-14.18.15:827][  0]LogConfig: Setting CVar [[r.Shadow.CSM.TransitionScale:1.0]]
[2020.03.09-14.18.15:827][  0]LogConfig: Setting CVar [[r.Shadow.PreShadowResolutionFactor:1.0]]
[2020.03.09-14.18.15:827][  0]LogConfig: Setting CVar [[r.DistanceFieldShadowing:1]]
[2020.03.09-14.18.15:827][  0]LogConfig: Setting CVar [[r.DistanceFieldAO:1]]
[2020.03.09-14.18.15:827][  0]LogConfig: Setting CVar [[r.AOQuality:2]]
[2020.03.09-14.18.15:827][  0]LogConfig: Setting CVar [[r.VolumetricFog:1]]
[2020.03.09-14.18.15:827][  0]LogConfig: Setting CVar [[r.VolumetricFog.GridPixelSize:8]]
[2020.03.09-14.18.15:827][  0]LogConfig: Setting CVar [[r.VolumetricFog.GridSizeZ:128]]
[2020.03.09-14.18.15:828][  0]LogConfig: Setting CVar [[r.VolumetricFog.HistoryMissSupersampleCount:4]]
[2020.03.09-14.18.15:828][  0]LogConfig: Setting CVar [[r.LightMaxDrawDistanceScale:1]]
[2020.03.09-14.18.15:828][  0]LogConfig: Setting CVar [[r.CapsuleShadows:1]]
[2020.03.09-14.18.15:828][  0]LogConfig: Applying CVar settings from Section [PostProcessQuality@3] File [C:/Users/ivan_PC/Desktop/LaserPuzzle/laserPuzzle_/Saved/Config/Windows/Scalability.ini]
[2020.03.09-14.18.15:828][  0]LogConfig: Setting CVar [[r.MotionBlurQuality:4]]
[2020.03.09-14.18.15:828][  0]LogConfig: Setting CVar [[r.AmbientOcclusionMipLevelFactor:0.4]]
[2020.03.09-14.18.15:828][  0]LogConfig: Setting CVar [[r.AmbientOcclusionMaxQuality:100]]
[2020.03.09-14.18.15:828][  0]LogConfig: Setting CVar [[r.AmbientOcclusionLevels:-1]]
[2020.03.09-14.18.15:828][  0]LogConfig: Setting CVar [[r.AmbientOcclusionRadiusScale:1.0]]
[2020.03.09-14.18.15:828][  0]LogConfig: Setting CVar [[r.DepthOfFieldQuality:2]]
[2020.03.09-14.18.15:828][  0]LogConfig: Setting CVar [[r.RenderTargetPoolMin:400]]
[2020.03.09-14.18.15:828][  0]LogConfig: Setting CVar [[r.LensFlareQuality:2]]
[2020.03.09-14.18.15:828][  0]LogConfig: Setting CVar [[r.SceneColorFringeQuality:1]]
[2020.03.09-14.18.15:828][  0]LogConfig: Setting CVar [[r.EyeAdaptationQuality:2]]
[2020.03.09-14.18.15:828][  0]LogConfig: Setting CVar [[r.BloomQuality:5]]
[2020.03.09-14.18.15:828][  0]LogConfig: Setting CVar [[r.FastBlurThreshold:100]]
[2020.03.09-14.18.15:828][  0]LogConfig: Setting CVar [[r.Upscale.Quality:3]]
[2020.03.09-14.18.15:828][  0]LogConfig: Setting CVar [[r.Tonemapper.GrainQuantization:1]]
[2020.03.09-14.18.15:828][  0]LogConfig: Setting CVar [[r.LightShaftQuality:1]]
[2020.03.09-14.18.15:828][  0]LogConfig: Setting CVar [[r.Filter.SizeScale:1]]
[2020.03.09-14.18.15:828][  0]LogConfig: Setting CVar [[r.Tonemapper.Quality:5]]
[2020.03.09-14.18.15:828][  0]LogConfig: Setting CVar [[r.DOF.Gather.AccumulatorQuality:1        ; higher gathering accumulator quality]]
[2020.03.09-14.18.15:828][  0]LogConfig: Setting CVar [[r.DOF.Gather.PostfilterMethod:1          ; Median3x3 postfilering method]]
[2020.03.09-14.18.15:828][  0]LogConfig: Setting CVar [[r.DOF.Gather.EnableBokehSettings:0       ; no bokeh simulation when gathering]]
[2020.03.09-14.18.15:828][  0]LogConfig: Setting CVar [[r.DOF.Gather.RingCount:4                 ; medium number of samples when gathering]]
[2020.03.09-14.18.15:828][  0]LogConfig: Setting CVar [[r.DOF.Scatter.ForegroundCompositing:1    ; additive foreground scattering]]
[2020.03.09-14.18.15:828][  0]LogConfig: Setting CVar [[r.DOF.Scatter.BackgroundCompositing:2    ; additive background scattering]]
[2020.03.09-14.18.15:828][  0]LogConfig: Setting CVar [[r.DOF.Scatter.EnableBokehSettings:1      ; bokeh simulation when scattering]]
[2020.03.09-14.18.15:828][  0]LogConfig: Setting CVar [[r.DOF.Scatter.MaxSpriteRatio:0.1         ; only a maximum of 10% of scattered bokeh]]
[2020.03.09-14.18.15:828][  0]LogConfig: Setting CVar [[r.DOF.Recombine.Quality:1                ; cheap slight out of focus]]
[2020.03.09-14.18.15:828][  0]LogConfig: Setting CVar [[r.DOF.Recombine.EnableBokehSettings:0    ; no bokeh simulation on slight out of focus]]
[2020.03.09-14.18.15:828][  0]LogConfig: Setting CVar [[r.DOF.TemporalAAQuality:1                ; more stable temporal accumulation]]
[2020.03.09-14.18.15:828][  0]LogConfig: Setting CVar [[r.DOF.Kernel.MaxForegroundRadius:0.025]]
[2020.03.09-14.18.15:828][  0]LogConfig: Setting CVar [[r.DOF.Kernel.MaxBackgroundRadius:0.025]]
[2020.03.09-14.18.15:828][  0]LogConfig: Applying CVar settings from Section [TextureQuality@3] File [C:/Users/ivan_PC/Desktop/LaserPuzzle/laserPuzzle_/Saved/Config/Windows/Scalability.ini]
[2020.03.09-14.18.15:828][  0]LogConfig: Setting CVar [[r.Streaming.MipBias:0]]
[2020.03.09-14.18.15:828][  0]LogConfig: Setting CVar [[r.Streaming.AmortizeCPUToGPUCopy:0]]
[2020.03.09-14.18.15:828][  0]LogConfig: Setting CVar [[r.Streaming.MaxNumTexturesToStreamPerFrame:0]]
[2020.03.09-14.18.15:828][  0]LogConfig: Setting CVar [[r.Streaming.Boost:1]]
[2020.03.09-14.18.15:828][  0]LogConfig: Setting CVar [[r.MaxAnisotropy:8]]
[2020.03.09-14.18.15:828][  0]LogConfig: Setting CVar [[r.Streaming.LimitPoolSizeToVRAM:0]]
[2020.03.09-14.18.15:828][  0]LogConfig: Setting CVar [[r.Streaming.PoolSize:1000]]
[2020.03.09-14.18.15:828][  0]LogConfig: Setting CVar [[r.Streaming.MaxEffectiveScreenSize:0]]
[2020.03.09-14.18.15:828][  0]LogConfig: Applying CVar settings from Section [EffectsQuality@3] File [C:/Users/ivan_PC/Desktop/LaserPuzzle/laserPuzzle_/Saved/Config/Windows/Scalability.ini]
[2020.03.09-14.18.15:828][  0]LogConfig: Setting CVar [[r.TranslucencyLightingVolumeDim:64]]
[2020.03.09-14.18.15:828][  0]LogConfig: Setting CVar [[r.RefractionQuality:2]]
[2020.03.09-14.18.15:828][  0]LogConfig: Setting CVar [[r.SSR.Quality:3]]
[2020.03.09-14.18.15:828][  0]LogConfig: Setting CVar [[r.SceneColorFormat:4]]
[2020.03.09-14.18.15:828][  0]LogConfig: Setting CVar [[r.DetailMode:2]]
[2020.03.09-14.18.15:828][  0]LogConfig: Setting CVar [[r.TranslucencyVolumeBlur:1]]
[2020.03.09-14.18.15:828][  0]LogConfig: Setting CVar [[r.MaterialQualityLevel:1 ; High quality]]
[2020.03.09-14.18.15:828][  0]LogConfig: Setting CVar [[r.SSS.Scale:1]]
[2020.03.09-14.18.15:828][  0]LogConfig: Setting CVar [[r.SSS.SampleSet:2]]
[2020.03.09-14.18.15:828][  0]LogConfig: Setting CVar [[r.SSS.Quality:1]]
[2020.03.09-14.18.15:828][  0]LogConfig: Setting CVar [[r.SSS.HalfRes:1]]
[2020.03.09-14.18.15:828][  0]LogConfig: Setting CVar [[r.EmitterSpawnRateScale:1.0]]
[2020.03.09-14.18.15:828][  0]LogConfig: Setting CVar [[r.ParticleLightQuality:2]]
[2020.03.09-14.18.15:828][  0]LogConfig: Applying CVar settings from Section [FoliageQuality@3] File [C:/Users/ivan_PC/Desktop/LaserPuzzle/laserPuzzle_/Saved/Config/Windows/Scalability.ini]
[2020.03.09-14.18.15:828][  0]LogConfig: Setting CVar [[foliage.DensityScale:1.0]]
[2020.03.09-14.18.15:828][  0]LogConfig: Setting CVar [[grass.DensityScale:1.0]]
[2020.03.09-14.18.15:828][  0]LogInit: Selected Device Profile: [Windows]
[2020.03.09-14.18.15:828][  0]LogInit: Applying CVar settings loaded from the selected device profile: [Windows]
[2020.03.09-14.18.15:835][  0]LogHAL: Display: Platform has ~ 8 GB [8550825984 / 8589934592 / 8], which maps to Default [LargestMinGB=32, LargerMinGB=12, DefaultMinGB=8, SmallerMinGB=6, SmallestMinGB=0)
[2020.03.09-14.18.15:835][  0]LogInit: Going up to parent DeviceProfile []
[2020.03.09-14.18.15:835][  0]LogConfig: Applying CVar settings from Section [ViewDistanceQuality@3] File [C:/Users/ivan_PC/Desktop/LaserPuzzle/laserPuzzle_/Saved/Config/Windows/Scalability.ini]
[2020.03.09-14.18.15:835][  0]LogConfig: Setting CVar [[r.SkeletalMeshLODBias:0]]
[2020.03.09-14.18.15:835][  0]LogConfig: Setting CVar [[r.ViewDistanceScale:1.0]]
[2020.03.09-14.18.15:835][  0]LogConfig: Applying CVar settings from Section [AntiAliasingQuality@3] File [C:/Users/ivan_PC/Desktop/LaserPuzzle/laserPuzzle_/Saved/Config/Windows/Scalability.ini]
[2020.03.09-14.18.15:835][  0]LogConfig: Setting CVar [[r.PostProcessAAQuality:4]]
[2020.03.09-14.18.15:835][  0]LogConfig: Applying CVar settings from Section [ShadowQuality@3] File [C:/Users/ivan_PC/Desktop/LaserPuzzle/laserPuzzle_/Saved/Config/Windows/Scalability.ini]
[2020.03.09-14.18.15:835][  0]LogConfig: Setting CVar [[r.LightFunctionQuality:1]]
[2020.03.09-14.18.15:835][  0]LogConfig: Setting CVar [[r.ShadowQuality:5]]
[2020.03.09-14.18.15:835][  0]LogConfig: Setting CVar [[r.Shadow.CSM.MaxCascades:10]]
[2020.03.09-14.18.15:835][  0]LogConfig: Setting CVar [[r.Shadow.MaxResolution:2048]]
[2020.03.09-14.18.15:835][  0]LogConfig: Setting CVar [[r.Shadow.MaxCSMResolution:2048]]
[2020.03.09-14.18.15:835][  0]LogConfig: Setting CVar [[r.Shadow.RadiusThreshold:0.01]]
[2020.03.09-14.18.15:835][  0]LogConfig: Setting CVar [[r.Shadow.DistanceScale:1.0]]
[2020.03.09-14.18.15:835][  0]LogConfig: Setting CVar [[r.Shadow.CSM.TransitionScale:1.0]]
[2020.03.09-14.18.15:835][  0]LogConfig: Setting CVar [[r.Shadow.PreShadowResolutionFactor:1.0]]
[2020.03.09-14.18.15:835][  0]LogConfig: Setting CVar [[r.DistanceFieldShadowing:1]]
[2020.03.09-14.18.15:835][  0]LogConfig: Setting CVar [[r.DistanceFieldAO:1]]
[2020.03.09-14.18.15:835][  0]LogConfig: Setting CVar [[r.AOQuality:2]]
[2020.03.09-14.18.15:835][  0]LogConfig: Setting CVar [[r.VolumetricFog:1]]
[2020.03.09-14.18.15:835][  0]LogConfig: Setting CVar [[r.VolumetricFog.GridPixelSize:8]]
[2020.03.09-14.18.15:835][  0]LogConfig: Setting CVar [[r.VolumetricFog.GridSizeZ:128]]
[2020.03.09-14.18.15:835][  0]LogConfig: Setting CVar [[r.VolumetricFog.HistoryMissSupersampleCount:4]]
[2020.03.09-14.18.15:835][  0]LogConfig: Setting CVar [[r.LightMaxDrawDistanceScale:1]]
[2020.03.09-14.18.15:835][  0]LogConfig: Setting CVar [[r.CapsuleShadows:1]]
[2020.03.09-14.18.15:835][  0]LogConfig: Applying CVar settings from Section [PostProcessQuality@3] File [C:/Users/ivan_PC/Desktop/LaserPuzzle/laserPuzzle_/Saved/Config/Windows/Scalability.ini]
[2020.03.09-14.18.15:835][  0]LogConfig: Setting CVar [[r.MotionBlurQuality:4]]
[2020.03.09-14.18.15:835][  0]LogConfig: Setting CVar [[r.AmbientOcclusionMipLevelFactor:0.4]]
[2020.03.09-14.18.15:835][  0]LogConfig: Setting CVar [[r.AmbientOcclusionMaxQuality:100]]
[2020.03.09-14.18.15:835][  0]LogConfig: Setting CVar [[r.AmbientOcclusionLevels:-1]]
[2020.03.09-14.18.15:835][  0]LogConfig: Setting CVar [[r.AmbientOcclusionRadiusScale:1.0]]
[2020.03.09-14.18.15:835][  0]LogConfig: Setting CVar [[r.DepthOfFieldQuality:2]]
[2020.03.09-14.18.15:835][  0]LogConfig: Setting CVar [[r.RenderTargetPoolMin:400]]
[2020.03.09-14.18.15:835][  0]LogConfig: Setting CVar [[r.LensFlareQuality:2]]
[2020.03.09-14.18.15:835][  0]LogConfig: Setting CVar [[r.SceneColorFringeQuality:1]]
[2020.03.09-14.18.15:835][  0]LogConfig: Setting CVar [[r.EyeAdaptationQuality:2]]
[2020.03.09-14.18.15:835][  0]LogConfig: Setting CVar [[r.BloomQuality:5]]
[2020.03.09-14.18.15:835][  0]LogConfig: Setting CVar [[r.FastBlurThreshold:100]]
[2020.03.09-14.18.15:835][  0]LogConfig: Setting CVar [[r.Upscale.Quality:3]]
[2020.03.09-14.18.15:835][  0]LogConfig: Setting CVar [[r.Tonemapper.GrainQuantization:1]]
[2020.03.09-14.18.15:835][  0]LogConfig: Setting CVar [[r.LightShaftQuality:1]]
[2020.03.09-14.18.15:835][  0]LogConfig: Setting CVar [[r.Filter.SizeScale:1]]
[2020.03.09-14.18.15:835][  0]LogConfig: Setting CVar [[r.Tonemapper.Quality:5]]
[2020.03.09-14.18.15:835][  0]LogConfig: Setting CVar [[r.DOF.Gather.AccumulatorQuality:1        ; higher gathering accumulator quality]]
[2020.03.09-14.18.15:835][  0]LogConfig: Setting CVar [[r.DOF.Gather.PostfilterMethod:1          ; Median3x3 postfilering method]]
[2020.03.09-14.18.15:836][  0]LogConfig: Setting CVar [[r.DOF.Gather.EnableBokehSettings:0       ; no bokeh simulation when gathering]]
[2020.03.09-14.18.15:836][  0]LogConfig: Setting CVar [[r.DOF.Gather.RingCount:4                 ; medium number of samples when gathering]]
[2020.03.09-14.18.15:836][  0]LogConfig: Setting CVar [[r.DOF.Scatter.ForegroundCompositing:1    ; additive foreground scattering]]
[2020.03.09-14.18.15:836][  0]LogConfig: Setting CVar [[r.DOF.Scatter.BackgroundCompositing:2    ; additive background scattering]]
[2020.03.09-14.18.15:836][  0]LogConfig: Setting CVar [[r.DOF.Scatter.EnableBokehSettings:1      ; bokeh simulation when scattering]]
[2020.03.09-14.18.15:836][  0]LogConfig: Setting CVar [[r.DOF.Scatter.MaxSpriteRatio:0.1         ; only a maximum of 10% of scattered bokeh]]
[2020.03.09-14.18.15:836][  0]LogConfig: Setting CVar [[r.DOF.Recombine.Quality:1                ; cheap slight out of focus]]
[2020.03.09-14.18.15:836][  0]LogConfig: Setting CVar [[r.DOF.Recombine.EnableBokehSettings:0    ; no bokeh simulation on slight out of focus]]
[2020.03.09-14.18.15:836][  0]LogConfig: Setting CVar [[r.DOF.TemporalAAQuality:1                ; more stable temporal accumulation]]
[2020.03.09-14.18.15:836][  0]LogConfig: Setting CVar [[r.DOF.Kernel.MaxForegroundRadius:0.025]]
[2020.03.09-14.18.15:836][  0]LogConfig: Setting CVar [[r.DOF.Kernel.MaxBackgroundRadius:0.025]]
[2020.03.09-14.18.15:836][  0]LogConfig: Applying CVar settings from Section [TextureQuality@3] File [C:/Users/ivan_PC/Desktop/LaserPuzzle/laserPuzzle_/Saved/Config/Windows/Scalability.ini]
[2020.03.09-14.18.15:836][  0]LogConfig: Setting CVar [[r.Streaming.MipBias:0]]
[2020.03.09-14.18.15:836][  0]LogConfig: Setting CVar [[r.Streaming.AmortizeCPUToGPUCopy:0]]
[2020.03.09-14.18.15:836][  0]LogConfig: Setting CVar [[r.Streaming.MaxNumTexturesToStreamPerFrame:0]]
[2020.03.09-14.18.15:836][  0]LogConfig: Setting CVar [[r.Streaming.Boost:1]]
[2020.03.09-14.18.15:836][  0]LogConfig: Setting CVar [[r.MaxAnisotropy:8]]
[2020.03.09-14.18.15:836][  0]LogConfig: Setting CVar [[r.Streaming.LimitPoolSizeToVRAM:0]]
[2020.03.09-14.18.15:836][  0]LogConfig: Setting CVar [[r.Streaming.PoolSize:1000]]
[2020.03.09-14.18.15:836][  0]LogConfig: Setting CVar [[r.Streaming.MaxEffectiveScreenSize:0]]
[2020.03.09-14.18.15:836][  0]LogConfig: Applying CVar settings from Section [EffectsQuality@3] File [C:/Users/ivan_PC/Desktop/LaserPuzzle/laserPuzzle_/Saved/Config/Windows/Scalability.ini]
[2020.03.09-14.18.15:836][  0]LogConfig: Setting CVar [[r.TranslucencyLightingVolumeDim:64]]
[2020.03.09-14.18.15:836][  0]LogConfig: Setting CVar [[r.RefractionQuality:2]]
[2020.03.09-14.18.15:836][  0]LogConfig: Setting CVar [[r.SSR.Quality:3]]
[2020.03.09-14.18.15:836][  0]LogConfig: Setting CVar [[r.SceneColorFormat:4]]
[2020.03.09-14.18.15:836][  0]LogConfig: Setting CVar [[r.DetailMode:2]]
[2020.03.09-14.18.15:836][  0]LogConfig: Setting CVar [[r.TranslucencyVolumeBlur:1]]
[2020.03.09-14.18.15:836][  0]LogConfig: Setting CVar [[r.MaterialQualityLevel:1 ; High quality]]
[2020.03.09-14.18.15:836][  0]LogConfig: Setting CVar [[r.SSS.Scale:1]]
[2020.03.09-14.18.15:836][  0]LogConfig: Setting CVar [[r.SSS.SampleSet:2]]
[2020.03.09-14.18.15:836][  0]LogConfig: Setting CVar [[r.SSS.Quality:1]]
[2020.03.09-14.18.15:836][  0]LogConfig: Setting CVar [[r.SSS.HalfRes:1]]
[2020.03.09-14.18.15:836][  0]LogConfig: Setting CVar [[r.EmitterSpawnRateScale:1.0]]
[2020.03.09-14.18.15:836][  0]LogConfig: Setting CVar [[r.ParticleLightQuality:2]]
[2020.03.09-14.18.15:836][  0]LogConfig: Applying CVar settings from Section [FoliageQuality@3] File [C:/Users/ivan_PC/Desktop/LaserPuzzle/laserPuzzle_/Saved/Config/Windows/Scalability.ini]
[2020.03.09-14.18.15:836][  0]LogConfig: Setting CVar [[foliage.DensityScale:1.0]]
[2020.03.09-14.18.15:836][  0]LogConfig: Setting CVar [[grass.DensityScale:1.0]]
[2020.03.09-14.18.15:836][  0]LogConfig: Applying CVar settings from Section [Startup] File [../../../Engine/Config/ConsoleVariables.ini]
[2020.03.09-14.18.15:836][  0]LogConfig: Setting CVar [[net.UseAdaptiveNetUpdateFrequency:0]]
[2020.03.09-14.18.15:836][  0]LogConfig: Setting CVar [[p.chaos.AllowCreatePhysxBodies:1]]
[2020.03.09-14.18.15:836][  0]LogConfig: Applying CVar settings from Section [ConsoleVariables] File [C:/Users/ivan_PC/Desktop/LaserPuzzle/laserPuzzle_/Saved/Config/Windows/Engine.ini]
[2020.03.09-14.18.15:836][  0]LogInit: Computer: IVAN
[2020.03.09-14.18.15:836][  0]LogInit: User: ivanPC
[2020.03.09-14.18.15:836][  0]LogInit: CPU Page size=4096, Cores=4
[2020.03.09-14.18.15:836][  0]LogInit: High frequency timer resolution =3.421876 MHz
[2020.03.09-14.18.15:836][  0]LogMemory: Memory total: Physical=8.0GB (8GB approx)
[2020.03.09-14.18.15:836][  0]LogMemory: Platform Memory Stats for Windows
[2020.03.09-14.18.15:836][  0]LogMemory: Process Physical Memory: 97.63 MB used, 97.63 MB peak
[2020.03.09-14.18.15:836][  0]LogMemory: Process Virtual Memory: 87.61 MB used, 87.61 MB peak
[2020.03.09-14.18.15:836][  0]LogMemory: Physical Memory: 5932.21 MB used,  2222.50 MB free, 8154.70 MB total
[2020.03.09-14.18.15:836][  0]LogMemory: Virtual Memory: 508.30 MB used,  134217216.00 MB free, 134217728.00 MB total
[2020.03.09-14.18.15:847][  0]LogWindows: WindowsPlatformFeatures enabled
[2020.03.09-14.18.15:894][  0]LogInit: Overriding language with editor language configuration option (en).
[2020.03.09-14.18.15:894][  0]LogInit: Overriding locale with editor culture configuration option ().
[2020.03.09-14.18.15:894][  0]LogInit: Using OS detected locale (es-ES).
[2020.03.09-14.18.16:146][  0]LogInit: Setting process to per monitor DPI aware
[2020.03.09-14.18.16:206][  0]LogSlate: New Slate User Created.  User Index 0, Is Virtual User: 0
[2020.03.09-14.18.16:206][  0]LogSlate: Slate User Registered.  User Index 0, Is Virtual User: 0
[2020.03.09-14.18.17:942][  0]LogHMD: Failed to initialize OpenVR with code 110
[2020.03.09-14.18.17:942][  0]LogD3D11RHI: D3D11 adapters:
[2020.03.09-14.18.17:978][  0]LogD3D11RHI:    0. 'NVIDIA GeForce GTX 970' (Feature Level 11_0)
[2020.03.09-14.18.17:978][  0]LogD3D11RHI:       3992/0/4077 MB DedicatedVideo/DedicatedSystem/SharedSystem, Outputs:2, VendorId:0x10de
[2020.03.09-14.18.17:979][  0]LogD3D11RHI:    1. 'Microsoft Basic Render Driver' (Feature Level 11_0)
[2020.03.09-14.18.17:979][  0]LogD3D11RHI:       0/0/256 MB DedicatedVideo/DedicatedSystem/SharedSystem, Outputs:0, VendorId:0x1414
[2020.03.09-14.18.17:979][  0]LogD3D11RHI: Chosen D3D11 Adapter: 0
[2020.03.09-14.18.17:982][  0]LogD3D11RHI: Creating new Direct3DDevice
[2020.03.09-14.18.17:982][  0]LogD3D11RHI:     GPU DeviceId: 0x13c2 (for the marketing name, search the web for "GPU Device Id")
[2020.03.09-14.18.17:982][  0]LogWindows: EnumDisplayDevices:
[2020.03.09-14.18.17:982][  0]LogWindows:    0. 'NVIDIA GeForce GTX 970' (P:1 D:1)
[2020.03.09-14.18.17:983][  0]LogWindows:    1. 'NVIDIA GeForce GTX 970' (P:0 D:1)
[2020.03.09-14.18.17:983][  0]LogWindows:    2. 'NVIDIA GeForce GTX 970' (P:0 D:0)
[2020.03.09-14.18.17:983][  0]LogWindows:    3. 'NVIDIA GeForce GTX 970' (P:0 D:0)
[2020.03.09-14.18.17:983][  0]LogWindows: DebugString: FoundDriverCount:4 
[2020.03.09-14.18.17:983][  0]LogD3D11RHI:     Adapter Name: NVIDIA GeForce GTX 970
[2020.03.09-14.18.17:983][  0]LogD3D11RHI:   Driver Version: 442.19 (internal:26.21.14.4219, unified:442.19)
[2020.03.09-14.18.17:983][  0]LogD3D11RHI:      Driver Date: 1-29-2020
[2020.03.09-14.18.17:983][  0]LogRHI: Texture pool is 2794 MB (70% of 3992 MB)
[2020.03.09-14.18.18:000][  0]LogD3D11RHI: Async texture creation enabled
[2020.03.09-14.18.18:017][  0]LogD3D11RHI: GPU Timing Frequency: 1000.000000 (Debug: 2 2)
[2020.03.09-14.18.18:233][  0]LogTemp: Display: Module 'AllDesktopTargetPlatform' loaded TargetPlatform 'AllDesktop'
[2020.03.09-14.18.18:240][  0]LogTemp: Display: Module 'MacClientTargetPlatform' loaded TargetPlatform 'MacClient'
[2020.03.09-14.18.18:247][  0]LogTemp: Display: Module 'MacNoEditorTargetPlatform' loaded TargetPlatform 'MacNoEditor'
[2020.03.09-14.18.18:254][  0]LogTemp: Display: Module 'MacServerTargetPlatform' loaded TargetPlatform 'MacServer'
[2020.03.09-14.18.18:265][  0]LogTemp: Display: Module 'MacTargetPlatform' loaded TargetPlatform 'Mac'
[2020.03.09-14.18.18:272][  0]LogTemp: Display: Module 'WindowsClientTargetPlatform' loaded TargetPlatform 'WindowsClient'
[2020.03.09-14.18.18:279][  0]LogTemp: Display: Module 'WindowsNoEditorTargetPlatform' loaded TargetPlatform 'WindowsNoEditor'
[2020.03.09-14.18.18:287][  0]LogTemp: Display: Module 'WindowsServerTargetPlatform' loaded TargetPlatform 'WindowsServer'
[2020.03.09-14.18.18:290][  0]LogTemp: Display: Module 'WindowsTargetPlatform' loaded TargetPlatform 'Windows'
[2020.03.09-14.18.18:323][  0]LogTemp: Display: Module 'AndroidTargetPlatform' loaded TargetPlatform 'Android'
[2020.03.09-14.18.18:323][  0]LogTemp: Display: Module 'AndroidTargetPlatform' loaded TargetPlatform 'Android_ASTC'
[2020.03.09-14.18.18:323][  0]LogTemp: Display: Module 'AndroidTargetPlatform' loaded TargetPlatform 'Android_ATC'
[2020.03.09-14.18.18:323][  0]LogTemp: Display: Module 'AndroidTargetPlatform' loaded TargetPlatform 'Android_DXT'
[2020.03.09-14.18.18:323][  0]LogTemp: Display: Module 'AndroidTargetPlatform' loaded TargetPlatform 'Android_ETC1'
[2020.03.09-14.18.18:323][  0]LogTemp: Display: Module 'AndroidTargetPlatform' loaded TargetPlatform 'Android_ETC1a'
[2020.03.09-14.18.18:323][  0]LogTemp: Display: Module 'AndroidTargetPlatform' loaded TargetPlatform 'Android_ETC2'
[2020.03.09-14.18.18:323][  0]LogTemp: Display: Module 'AndroidTargetPlatform' loaded TargetPlatform 'Android_PVRTC'
[2020.03.09-14.18.18:323][  0]LogTemp: Display: Module 'AndroidTargetPlatform' loaded TargetPlatform 'AndroidClient'
[2020.03.09-14.18.18:323][  0]LogTemp: Display: Module 'AndroidTargetPlatform' loaded TargetPlatform 'Android_ASTCClient'
[2020.03.09-14.18.18:323][  0]LogTemp: Display: Module 'AndroidTargetPlatform' loaded TargetPlatform 'Android_ATCClient'
[2020.03.09-14.18.18:323][  0]LogTemp: Display: Module 'AndroidTargetPlatform' loaded TargetPlatform 'Android_DXTClient'
[2020.03.09-14.18.18:323][  0]LogTemp: Display: Module 'AndroidTargetPlatform' loaded TargetPlatform 'Android_ETC1Client'
[2020.03.09-14.18.18:323][  0]LogTemp: Display: Module 'AndroidTargetPlatform' loaded TargetPlatform 'Android_ETC1aClient'
[2020.03.09-14.18.18:323][  0]LogTemp: Display: Module 'AndroidTargetPlatform' loaded TargetPlatform 'Android_ETC2Client'
[2020.03.09-14.18.18:323][  0]LogTemp: Display: Module 'AndroidTargetPlatform' loaded TargetPlatform 'Android_PVRTCClient'
[2020.03.09-14.18.18:323][  0]LogTemp: Display: Module 'AndroidTargetPlatform' loaded TargetPlatform 'Android_Multi'
[2020.03.09-14.18.18:323][  0]LogTemp: Display: Module 'AndroidTargetPlatform' loaded TargetPlatform 'Android_MultiClient'
[2020.03.09-14.18.18:324][  0]LogTemp: Display: Module 'HTML5TargetPlatform' loaded TargetPlatform 'HTML5'
[2020.03.09-14.18.18:345][  0]LogTemp: Display: Module 'IOSTargetPlatform' loaded TargetPlatform 'IOSClient'
[2020.03.09-14.18.18:345][  0]LogTemp: Display: Module 'IOSTargetPlatform' loaded TargetPlatform 'IOS'
[2020.03.09-14.18.18:356][  0]LogTemp: Display: Module 'TVOSTargetPlatform' loaded TargetPlatform 'TVOSClient'
[2020.03.09-14.18.18:356][  0]LogTemp: Display: Module 'TVOSTargetPlatform' loaded TargetPlatform 'TVOS'
[2020.03.09-14.18.18:362][  0]LogTemp: Display: Module 'LinuxClientTargetPlatform' loaded TargetPlatform 'LinuxClient'
[2020.03.09-14.18.18:368][  0]LogTemp: Display: Module 'LinuxNoEditorTargetPlatform' loaded TargetPlatform 'LinuxNoEditor'
[2020.03.09-14.18.18:375][  0]LogTemp: Display: Module 'LinuxServerTargetPlatform' loaded TargetPlatform 'LinuxServer'
[2020.03.09-14.18.18:387][  0]LogTemp: Display: Module 'LinuxTargetPlatform' loaded TargetPlatform 'Linux'
[2020.03.09-14.18.18:409][  0]LogTemp: Display: Module 'LuminTargetPlatform' loaded TargetPlatform 'Lumin'
[2020.03.09-14.18.18:409][  0]LogTemp: Display: Module 'LuminTargetPlatform' loaded TargetPlatform 'LuminClient'
[2020.03.09-14.18.18:409][  0]LogTargetPlatformManager: Display: Building Assets For Windows
[2020.03.09-14.18.18:417][  0]LogAudioDebug: Display: Lib vorbis DLL was dynamically loaded.
[2020.03.09-14.18.18:469][  0]LogShaderCompilers: Guid format shader working directory is -16 characters bigger than the processId version (../../../../../../Users/ivan_PC/Desktop/LaserPuzzle/laserPuzzle_/Intermediate/Shaders/WorkingDirectory/6772/).
[2020.03.09-14.18.18:469][  0]LogShaderCompilers: Cleaned the shader compiler working directory 'C:/Users/ivan_PC/AppData/Local/Temp/UnrealShaderWorkingDir/E668B0AE448224DC617738869F44C602/'.
[2020.03.09-14.18.18:470][  0]LogXGEController: Cleaning working directory: C:/Users/ivan_PC/AppData/Local/Temp/UnrealXGEWorkingDir/
[2020.03.09-14.18.18:471][  0]LogXGEController: Cannot use XGE Controller as Incredibuild is not installed on this machine.
[2020.03.09-14.18.18:471][  0]LogShaderCompilers: Cannot use XGE Shader Compiler as Incredibuild is not installed on this machine.
[2020.03.09-14.18.18:471][  0]LogShaderCompilers: Display: Using Local Shader Compiler.
[2020.03.09-14.18.18:982][  0]LogDerivedDataCache: Display: Max Cache Size: 512 MB
[2020.03.09-14.18.19:173][  0]LogDerivedDataCache: Loaded boot cache 0.19s 73MB C:/Users/ivan_PC/AppData/Local/UnrealEngine/4.23/DerivedDataCache/Boot.ddc.
[2020.03.09-14.18.19:173][  0]LogDerivedDataCache: Display: Loaded Boot cache: C:/Users/ivan_PC/AppData/Local/UnrealEngine/4.23/DerivedDataCache/Boot.ddc
[2020.03.09-14.18.19:173][  0]LogDerivedDataCache: FDerivedDataBackendGraph:  Pak pak cache file ../../../../../../Users/ivan_PC/Desktop/LaserPuzzle/laserPuzzle_/DerivedDataCache/DDC.ddp not found, will not use a pak cache.
[2020.03.09-14.18.19:174][  0]LogDerivedDataCache: Unable to find inner node Pak for hierarchical cache Hierarchy.
[2020.03.09-14.18.19:174][  0]LogDerivedDataCache: FDerivedDataBackendGraph:  CompressedPak pak cache file ../../../../../../Users/ivan_PC/Desktop/LaserPuzzle/laserPuzzle_/DerivedDataCache/Compressed.ddp not found, will not use a pak cache.
[2020.03.09-14.18.19:174][  0]LogDerivedDataCache: Unable to find inner node CompressedPak for hierarchical cache Hierarchy.
[2020.03.09-14.18.19:184][  0]LogDerivedDataCache: Display: Pak cache opened for reading ../../../Engine/DerivedDataCache/Compressed.ddp.
[2020.03.09-14.18.19:184][  0]LogDerivedDataCache: FDerivedDataBackendGraph:  EnterprisePak pak cache file ../../../Enterprise/DerivedDataCache/Compressed.ddp not found, will not use a pak cache.
[2020.03.09-14.18.19:184][  0]LogDerivedDataCache: Unable to find inner node EnterprisePak for hierarchical cache Hierarchy.
[2020.03.09-14.18.19:185][  0]LogDerivedDataCache: Using Local data cache path C:/Users/ivan_PC/AppData/Local/UnrealEngine/Common/DerivedDataCache: Writable
[2020.03.09-14.18.19:185][  0]LogDerivedDataCache: Shared data cache path not found in *engine.ini, will not use an Shared cache.
[2020.03.09-14.18.19:185][  0]LogDerivedDataCache: Unable to find inner node Shared for hierarchical cache Hierarchy.
[2020.03.09-14.18.19:203][  0]LogMaterial: Verifying Global Shaders for PCD3D_SM5
[2020.03.09-14.18.19:205][  0]LogSlate: Using FreeType 2.6.0
[2020.03.09-14.18.19:216][  0]LogSlate: SlateFontServices - WITH_FREETYPE: 1, WITH_HARFBUZZ: 1
[2020.03.09-14.18.19:416][  0]LogAssetRegistry: FAssetRegistry took 0.0022 seconds to start up
[2020.03.09-14.18.19:683][  0]LogInit: Selected Device Profile: [Windows]
[2020.03.09-14.18.19:829][  0]LogMeshReduction: Using QuadricMeshReduction for automatic static mesh reduction
[2020.03.09-14.18.19:829][  0]LogMeshReduction: Using SimplygonMeshReduction for automatic skeletal mesh reduction
[2020.03.09-14.18.19:829][  0]LogMeshReduction: Using ProxyLODMeshReduction for automatic mesh merging
[2020.03.09-14.18.19:829][  0]LogMeshReduction: No distributed automatic mesh merging module available
[2020.03.09-14.18.19:829][  0]LogMeshMerging: No distributed automatic mesh merging module available
[2020.03.09-14.18.19:840][  0]LogNetVersion: laserPuzzle 1.0.0, NetCL: 8386587, EngineNetVer: 11, GameNetVer: 0 (Checksum: 1271788903)
[2020.03.09-14.18.20:263][  0]LogPackageLocalizationCache: Processed 12 localized package path(s) for 1 prioritized culture(s) in 0.067034 seconds
[2020.03.09-14.18.20:268][  0]LogUObjectArray: 43444 objects as part of root set at end of initial load.
[2020.03.09-14.18.20:268][  0]LogUObjectAllocator: 7548648 out of 0 bytes used by permanent object pool.
[2020.03.09-14.18.20:268][  0]LogUObjectArray: CloseDisregardForGC: 0/0 objects in disregard for GC pool
[2020.03.09-14.18.22:293][  0]LogTcpMessaging: Initializing TcpMessaging bridge
[2020.03.09-14.18.22:297][  0]LogUdpMessaging: Initializing bridge on interface 0.0.0.0:0 to multicast group 230.0.0.1:6666.
[2020.03.09-14.18.22:350][  0]SourceControl: Source control is disabled
[2020.03.09-14.18.22:350][  0]SourceControl: Source control is disabled
[2020.03.09-14.18.22:353][  0]SourceControl: Source control is disabled
[2020.03.09-14.18.22:355][  0]SourceControl: Source control is disabled
[2020.03.09-14.18.22:361][  0]LogVSAccessor: Display: Unable to create Visual Studio setup instance: 80040154
[2020.03.09-14.18.22:361][  0]LogVSAccessor: Display: Unable to create Visual Studio setup instance: 80040154
[2020.03.09-14.18.22:463][  0]LogAndroidPermission: UAndroidPermissionCallbackProxy::GetInstance
[2020.03.09-14.18.22:533][  0]LogOcInput: OculusInput pre-init called
[2020.03.09-14.18.22:539][  0]LogWindows: Failed to load 'OVRPlugin.dll' (GetLastError=126)
[2020.03.09-14.18.22:539][  0]LogWindows: File 'OVRPlugin.dll' does not exist
[2020.03.09-14.18.22:608][  0]LogEngine: Initializing Engine...
[2020.03.09-14.18.22:609][  0]LogHMD: Failed to initialize OpenVR with code 110
[2020.03.09-14.18.22:610][  0]LogStats: UGameplayTagsManager::InitializeManager -  0.000 s
[2020.03.09-14.18.22:832][  0]LogInit: Initializing FReadOnlyCVARCache
[2020.03.09-14.18.22:849][  0]LogAIModule: Creating AISystem for world Untitled
[2020.03.09-14.18.22:866][  0]LogInit: XAudio2 using 'Focusrite USB (Focusrite USB Audio)' : 2 channels at 44.1 kHz using 16 bits per sample (channel mask 0x3)
[2020.03.09-14.18.22:874][  0]LogInit: FAudioDevice initialized.
[2020.03.09-14.18.22:874][  0]LogNetVersion: Set ProjectVersion to 1.0.0.0. Version Checksum will be recalculated on next use.
[2020.03.09-14.18.22:960][  0]LogDerivedDataCache: Saved boot cache 0.09s 73MB C:/Users/ivan_PC/AppData/Local/UnrealEngine/4.23/DerivedDataCache/Boot.ddc.
[2020.03.09-14.18.22:970][  0]LogInit: Texture streaming: Enabled
[2020.03.09-14.18.22:985][  0]LogEngineSessionManager: EngineSessionManager initialized
[2020.03.09-14.18.22:985][  0]LogEditorSessionSummary: Verbose: Initializing EditorSessionSummaryWriter for editor session tracking
[2020.03.09-14.18.22:986][  0]LogEditorSessionSummary: EditorSessionSummaryWriter initialized
[2020.03.09-14.18.23:048][  0]LogInit: Transaction tracking system initialized
[2020.03.09-14.18.23:078][  0]BlueprintLog: New page: Editor Load
[2020.03.09-14.18.23:147][  0]LocalizationService: Localization service is disabled
[2020.03.09-14.18.23:211][  0]LogVSAccessor: Display: Unable to create Visual Studio setup instance: 80040154
[2020.03.09-14.18.23:211][  0]LogVSAccessor: Display: Unable to create Visual Studio setup instance: 80040154
[2020.03.09-14.18.23:343][  0]LogFileCache: Scanning file cache for directory 'C:/Users/ivan_PC/Desktop/LaserPuzzle/laserPuzzle_/Content/' took 0.01s
[2020.03.09-14.18.23:343][  0]LogCook: Display: Max memory allowance for cook 16384mb min free memory 0mb
[2020.03.09-14.18.23:344][  0]LogCook: Display: Mobile HDR setting 1
[2020.03.09-14.18.23:585][  0]SourceControl: Source control is disabled
[2020.03.09-14.18.23:585][  0]Cmd: MAP LOAD FILE="../../../../../../Users/ivan_PC/Desktop/LaserPuzzle/laserPuzzle_/Content/_LaserPuzzle/Levels/Capitulo2.umap" TEMPLATE=0 SHOWPROGRESS=1 FEATURELEVEL=3
[2020.03.09-14.18.23:589][  0]LightingResults: New page: Lighting Build
[2020.03.09-14.18.23:592][  0]LogWorld: UWorld::CleanupWorld for Untitled, bSessionEnded=true, bCleanupResources=true
[2020.03.09-14.18.23:592][  0]MapCheck: New page: Map Check
[2020.03.09-14.18.23:592][  0]LightingResults: New page: Lighting Build
[2020.03.09-14.18.23:614][  0]LogUObjectHash: Compacting FUObjectHashTables data took   1.65ms
[2020.03.09-14.18.26:652][  0]LogAIModule: Creating AISystem for world Capitulo2
[2020.03.09-14.18.26:959][  0]LogEditorServer: Finished looking for orphan Actors (0.000 secs)
[2020.03.09-14.18.27:044][  0]LogUObjectHash: Compacting FUObjectHashTables data took   3.16ms
[2020.03.09-14.18.27:044][  0]Cmd: MAP CHECKDEP NOCLEARLOG
[2020.03.09-14.18.27:044][  0]MapCheck: Map check complete: 0 Error(s), 0 Warning(s), took 0,198ms to complete.
[2020.03.09-14.18.27:044][  0]LogFileHelpers: Loading map 'Capitulo2' took 3.460
[2020.03.09-14.18.27:152][  0]LogSlate: Updating window title bar state: overlay mode, drag disabled, window buttons hidden, title bar hidden
[2020.03.09-14.18.27:158][  0]LogSlate: Updating window title bar state: overlay mode, drag disabled, window buttons hidden, title bar hidden
[2020.03.09-14.18.27:164][  0]LogSlate: Updating window title bar state: overlay mode, drag disabled, window buttons hidden, title bar hidden
[2020.03.09-14.18.27:169][  0]LogSlate: Updating window title bar state: overlay mode, drag disabled, window buttons hidden, title bar hidden
[2020.03.09-14.18.27:175][  0]LogCollectionManager: Loaded 0 collections in 0.001075 seconds
[2020.03.09-14.18.27:181][  0]LogFileCache: Scanning file cache for directory 'C:/Users/ivan_PC/Desktop/LaserPuzzle/laserPuzzle_/Saved/Collections/' took 0.00s
[2020.03.09-14.18.27:181][  0]LogFileCache: Scanning file cache for directory 'C:/Users/ivan_PC/Desktop/LaserPuzzle/laserPuzzle_/Content/Developers/ivanPC/Collections/' took 0.00s
[2020.03.09-14.18.27:181][  0]LogFileCache: Scanning file cache for directory 'C:/Users/ivan_PC/Desktop/LaserPuzzle/laserPuzzle_/Content/Collections/' took 0.00s
[2020.03.09-14.18.27:181][  0]LogCollectionManager: Rebuilt the GUID cache for 0 collections in 0.000001 seconds
[2020.03.09-14.18.27:188][  0]LogContentBrowser: Native class hierarchy populated in 0.0074 seconds. Added 2863 classes and 680 folders.
[2020.03.09-14.18.27:195][  0]LogContentBrowser: Native class hierarchy updated for 'WidgetCarousel' in 0.0002 seconds. Added 0 classes and 0 folders.
[2020.03.09-14.18.27:466][  0]LogContentBrowser: Native class hierarchy updated for 'AddContentDialog' in 0.0002 seconds. Added 0 classes and 0 folders.
[2020.03.09-14.18.27:471][  0]LogContentBrowser: Native class hierarchy updated for 'SceneOutliner' in 0.0002 seconds. Added 1 classes and 2 folders.
[2020.03.09-14.18.27:597][  0]LogSlate: Took 0.005034 seconds to synchronously load lazily loaded font '../../../Engine/Content/Slate/Fonts/Roboto-Regular.ttf' (155K)
[2020.03.09-14.18.27:603][  0]LogSlate: Took 0.004595 seconds to synchronously load lazily loaded font '../../../Engine/Content/Slate/Fonts/Roboto-Bold.ttf' (160K)
[2020.03.09-14.18.27:610][  0]LogSlate: Took 0.004787 seconds to synchronously load lazily loaded font '../../../Engine/Content/Editor/Slate/Fonts/FontAwesome.ttf' (139K)
[2020.03.09-14.18.27:682][  0]LogRenderer: Reallocating scene render targets to support 1616x808 Format 10 NumSamples 1 (Frame:1).
[2020.03.09-14.18.27:928][  0]LogContentBrowser: Native class hierarchy updated for 'HierarchicalLODOutliner' in 0.0002 seconds. Added 0 classes and 0 folders.
[2020.03.09-14.18.27:929][  0]LogLoad: (Engine Initialization) Total time: 15.25 seconds
[2020.03.09-14.18.27:929][  0]LogLoad: (Engine Initialization) Total Blueprint compile time: 0.00 seconds
[2020.03.09-14.18.27:966][  0]LogContentStreaming: Texture pool size now 1000 MB
[2020.03.09-14.18.29:297][ 77]LogAssetRegistry: Asset discovery search completed in 9.8813 seconds
[2020.03.09-14.18.29:301][ 77]LogCollectionManager: Rebuilt the object cache for 0 collections in 0.000004 seconds (found 0 objects)
[2020.03.09-14.18.29:301][ 77]LogCollectionManager: Fixed up redirectors for 0 collections in 0.000043 seconds (updated 0 objects)
[2020.03.09-14.18.30:476][194]LogSlate: FSceneViewport::OnFocusLost() reason 0
[2020.03.09-14.18.32:682][452]LogSlate: Took 0.000160 seconds to synchronously load lazily loaded font '../../../Engine/Content/Slate/Fonts/Roboto-Light.ttf' (167K)
[2020.03.09-14.18.33:315][452]LogAIModule: Creating AISystem for world ruins_showcase
[2020.03.09-14.18.33:333][452]LogAssetEditorManager: Opening Asset editor for World /Game/AncientTemple_Pack/Maps/ruins_showcase.ruins_showcase
[2020.03.09-14.18.33:358][452]LogUObjectHash: Compacting FUObjectHashTables data took   2.23ms
[2020.03.09-14.18.33:359][452]Cmd: MAP LOAD FILE="../../../../../../Users/ivan_PC/Desktop/LaserPuzzle/laserPuzzle_/Content/AncientTemple_Pack/Maps/ruins_showcase.umap" TEMPLATE=0 SHOWPROGRESS=1 FEATURELEVEL=3
[2020.03.09-14.18.33:359][452]LightingResults: New page: Lighting Build
[2020.03.09-14.18.33:360][452]LoadErrors: New page: Loading map: ruins_showcase.umap
[2020.03.09-14.18.33:369][452]LogWorld: UWorld::CleanupWorld for Capitulo2, bSessionEnded=true, bCleanupResources=true
[2020.03.09-14.18.33:372][452]MapCheck: New page: Map Check
[2020.03.09-14.18.33:372][452]LightingResults: New page: Lighting Build
[2020.03.09-14.18.33:408][452]LogUObjectHash: Compacting FUObjectHashTables data took   2.00ms
[2020.03.09-14.18.33:476][452]LogEditorServer: Finished looking for orphan Actors (0.000 secs)
[2020.03.09-14.18.33:501][452]LogUObjectHash: Compacting FUObjectHashTables data took   1.51ms
[2020.03.09-14.18.33:534][452]Cmd: MAP CHECKDEP NOCLEARLOG
[2020.03.09-14.18.33:535][452]MapCheck: Map check complete: 0 Error(s), 0 Warning(s), took 1,245ms to complete.
[2020.03.09-14.18.33:535][452]LogFileHelpers: Loading map 'ruins_showcase' took 0.177
[2020.03.09-14.18.37:052][739]LogSlate: FSceneViewport::OnFocusLost() reason 0
[2020.03.09-14.18.37:119][747]LogTemp: Repeating last play command: New Editor Window (PIE)
[2020.03.09-14.18.37:136][747]LogBlueprintUserMessages: Early PlayInEditor Detection: Level '/Game/AncientTemple_Pack/Maps/ruins_showcase.ruins_showcase:PersistentLevel' has LevelScriptBlueprint '/Game/AncientTemple_Pack/Maps/ruins_showcase.ruins_showcase:PersistentLevel.ruins_showcase' with GeneratedClass '/Game/AncientTemple_Pack/Maps/ruins_showcase.ruins_showcase_C' with ClassGeneratedBy '/Game/AncientTemple_Pack/Maps/ruins_showcase.ruins_showcase:PersistentLevel.ruins_showcase'
[2020.03.09-14.18.37:136][747]LogPlayLevel: PlayLevel: No blueprints needed recompiling
[2020.03.09-14.18.37:137][747]PIE: New page: PIE session: ruins_showcase (9/3/2020 16:18:37)
[2020.03.09-14.18.37:138][747]LogOnline: OSS: Creating online subsystem instance for: NULL
[2020.03.09-14.18.37:138][747]LogPlayLevel: Creating play world package: /Game/AncientTemple_Pack/Maps/UEDPIE_0_ruins_showcase
[2020.03.09-14.18.37:149][747]LogPlayLevel: PIE: StaticDuplicateObject took: (0.011052s)
[2020.03.09-14.18.37:150][747]LogAIModule: Creating AISystem for world ruins_showcase
[2020.03.09-14.18.37:150][747]LogPlayLevel: PIE: World Init took: (0.000891s)
[2020.03.09-14.18.37:150][747]LogPlayLevel: PIE: Created PIE world by copying editor world from /Game/AncientTemple_Pack/Maps/ruins_showcase.ruins_showcase to /Game/AncientTemple_Pack/Maps/UEDPIE_0_ruins_showcase.ruins_showcase (0.012150s)
[2020.03.09-14.18.37:173][747]LogUObjectHash: Compacting FUObjectHashTables data took   1.55ms
[2020.03.09-14.18.37:175][747]LogInit: XAudio2 using 'Focusrite USB (Focusrite USB Audio)' : 2 channels at 44.1 kHz using 16 bits per sample (channel mask 0x3)
[2020.03.09-14.18.37:178][747]LogInit: FAudioDevice initialized.
[2020.03.09-14.18.37:180][747]LogSlate: Updating window title bar state: overlay mode, drag disabled, window buttons hidden, title bar hidden
[2020.03.09-14.18.37:181][747]LogLoad: Game class is 'ThirdPersonGameMode_C'
[2020.03.09-14.18.37:187][747]LogWorld: Bringing World /Game/AncientTemple_Pack/Maps/UEDPIE_0_ruins_showcase.ruins_showcase up for play (max tick rate 0) at 2020.03.09-15.18.37
[2020.03.09-14.18.37:187][747]LogWorld: Bringing up level for play took: 0.005052
[2020.03.09-14.18.37:187][747]LogOnline: OSS: Creating online subsystem instance for: :Context_2
[2020.03.09-14.18.37:194][747]LogContentBrowser: Native class hierarchy updated for 'MovieSceneCapture' in 0.0002 seconds. Added 20 classes and 0 folders.
[2020.03.09-14.18.37:209][747]PIE: Play in editor start time for /Game/AncientTemple_Pack/Maps/UEDPIE_0_ruins_showcase -0,805
[2020.03.09-14.18.37:209][747]LogBlueprintUserMessages: Late PlayInEditor Detection: Level '/Game/AncientTemple_Pack/Maps/ruins_showcase.ruins_showcase:PersistentLevel' has LevelScriptBlueprint '/Game/AncientTemple_Pack/Maps/ruins_showcase.ruins_showcase:PersistentLevel.ruins_showcase' with GeneratedClass '/Game/AncientTemple_Pack/Maps/ruins_showcase.ruins_showcase_C' with ClassGeneratedBy '/Game/AncientTemple_Pack/Maps/ruins_showcase.ruins_showcase:PersistentLevel.ruins_showcase'
[2020.03.09-14.18.38:092][786]LogBlueprintUserMessages: Early EndPlayMap Detection: Level '/Game/AncientTemple_Pack/Maps/ruins_showcase.ruins_showcase:PersistentLevel' has LevelScriptBlueprint '/Game/AncientTemple_Pack/Maps/ruins_showcase.ruins_showcase:PersistentLevel.ruins_showcase' with GeneratedClass '/Game/AncientTemple_Pack/Maps/ruins_showcase.ruins_showcase_C' with ClassGeneratedBy '/Game/AncientTemple_Pack/Maps/ruins_showcase.ruins_showcase:PersistentLevel.ruins_showcase'
[2020.03.09-14.18.38:092][786]LogSlate: Updating window title bar state: overlay mode, drag disabled, window buttons hidden, title bar hidden
[2020.03.09-14.18.38:092][786]LogWorld: BeginTearingDown for /Game/AncientTemple_Pack/Maps/UEDPIE_0_ruins_showcase
[2020.03.09-14.18.38:109][786]LogSlate: Window 'laserPuzzle Game Preview Standalone (64-bit/PCD3D_SM5)' being destroyed
[2020.03.09-14.18.38:116][786]LogWorld: UWorld::CleanupWorld for ruins_showcase, bSessionEnded=true, bCleanupResources=true
[2020.03.09-14.18.38:125][786]LogPlayLevel: Display: Shutting down PIE online subsystems
[2020.03.09-14.18.38:125][786]LogBlueprintUserMessages: Late EndPlayMap Detection: Level '/Game/AncientTemple_Pack/Maps/ruins_showcase.ruins_showcase:PersistentLevel' has LevelScriptBlueprint '/Game/AncientTemple_Pack/Maps/ruins_showcase.ruins_showcase:PersistentLevel.ruins_showcase' with GeneratedClass '/Game/AncientTemple_Pack/Maps/ruins_showcase.ruins_showcase_C' with ClassGeneratedBy '/Game/AncientTemple_Pack/Maps/ruins_showcase.ruins_showcase:PersistentLevel.ruins_showcase'
[2020.03.09-14.18.38:153][786]LogUObjectHash: Compacting FUObjectHashTables data took   1.58ms
[2020.03.09-14.18.38:207][788]LogPlayLevel: Display: Destroying online subsystem :Context_2
[2020.03.09-14.18.51:232][228]LogSlate: FSceneViewport::OnFocusLost() reason 2
[2020.03.09-14.18.52:501][373]LogSlate: FSceneViewport::OnFocusLost() reason 0
[2020.03.09-14.18.52:576][382]LogTemp: Repeating last play command: New Editor Window (PIE)
[2020.03.09-14.18.52:594][382]LogBlueprintUserMessages: Early PlayInEditor Detection: Level '/Game/AncientTemple_Pack/Maps/ruins_showcase.ruins_showcase:PersistentLevel' has LevelScriptBlueprint '/Game/AncientTemple_Pack/Maps/ruins_showcase.ruins_showcase:PersistentLevel.ruins_showcase' with GeneratedClass '/Game/AncientTemple_Pack/Maps/ruins_showcase.ruins_showcase_C' with ClassGeneratedBy '/Game/AncientTemple_Pack/Maps/ruins_showcase.ruins_showcase:PersistentLevel.ruins_showcase'
[2020.03.09-14.18.52:594][382]LogPlayLevel: PlayLevel: No blueprints needed recompiling
[2020.03.09-14.18.52:594][382]PIE: New page: PIE session: ruins_showcase (9/3/2020 16:18:52)
[2020.03.09-14.18.52:594][382]LogPlayLevel: Creating play world package: /Game/AncientTemple_Pack/Maps/UEDPIE_0_ruins_showcase
[2020.03.09-14.18.52:606][382]LogPlayLevel: PIE: StaticDuplicateObject took: (0.012034s)
[2020.03.09-14.18.52:607][382]LogAIModule: Creating AISystem for world ruins_showcase
[2020.03.09-14.18.52:607][382]LogPlayLevel: PIE: World Init took: (0.000826s)
[2020.03.09-14.18.52:607][382]LogPlayLevel: PIE: Created PIE world by copying editor world from /Game/AncientTemple_Pack/Maps/ruins_showcase.ruins_showcase to /Game/AncientTemple_Pack/Maps/UEDPIE_0_ruins_showcase.ruins_showcase (0.012973s)
[2020.03.09-14.18.52:635][382]LogUObjectHash: Compacting FUObjectHashTables data took   1.68ms
[2020.03.09-14.18.52:637][382]LogInit: XAudio2 using 'Focusrite USB (Focusrite USB Audio)' : 2 channels at 44.1 kHz using 16 bits per sample (channel mask 0x3)
[2020.03.09-14.18.52:640][382]LogInit: FAudioDevice initialized.
[2020.03.09-14.18.52:642][382]LogSlate: Updating window title bar state: overlay mode, drag disabled, window buttons hidden, title bar hidden
[2020.03.09-14.18.52:642][382]LogLoad: Game class is 'ThirdPersonGameMode_C'
[2020.03.09-14.18.52:647][382]LogWorld: Bringing World /Game/AncientTemple_Pack/Maps/UEDPIE_0_ruins_showcase.ruins_showcase up for play (max tick rate 0) at 2020.03.09-15.18.52
[2020.03.09-14.18.52:647][382]LogWorld: Bringing up level for play took: 0.005095
[2020.03.09-14.18.52:647][382]LogOnline: OSS: Creating online subsystem instance for: :Context_20
[2020.03.09-14.18.52:649][382]Cmd: stat fps
[2020.03.09-14.18.52:651][382]PIE: Play in editor start time for /Game/AncientTemple_Pack/Maps/UEDPIE_0_ruins_showcase 0,637
[2020.03.09-14.18.52:652][382]LogBlueprintUserMessages: Late PlayInEditor Detection: Level '/Game/AncientTemple_Pack/Maps/ruins_showcase.ruins_showcase:PersistentLevel' has LevelScriptBlueprint '/Game/AncientTemple_Pack/Maps/ruins_showcase.ruins_showcase:PersistentLevel.ruins_showcase' with GeneratedClass '/Game/AncientTemple_Pack/Maps/ruins_showcase.ruins_showcase_C' with ClassGeneratedBy '/Game/AncientTemple_Pack/Maps/ruins_showcase.ruins_showcase:PersistentLevel.ruins_showcase'
[2020.03.09-14.18.52:652][382]Cmd: fov 90.0
[2020.03.09-14.18.54:377][498]LogRenderer: Reallocating scene render targets to support 2560x1376 Format 10 NumSamples 1 (Frame:117).
[2020.03.09-14.18.55:391][517]Cmd: fov 90.620575
[2020.03.09-14.18.55:429][518]Cmd: fov 91.53965
[2020.03.09-14.18.55:467][519]Cmd: fov 92.598251
[2020.03.09-14.18.55:505][520]Cmd: fov 93.72673
[2020.03.09-14.18.55:540][521]Cmd: fov 94.761871
[2020.03.09-14.18.55:574][522]Cmd: fov 95.680313
[2020.03.09-14.18.55:611][523]Cmd: fov 96.472549
[2020.03.09-14.18.55:648][524]Cmd: fov 96.985512
[2020.03.09-14.18.55:686][525]Cmd: fov 97.0
[2020.03.09-14.19.02:243][716]Cmd: fov 96.509331
[2020.03.09-14.19.02:277][717]Cmd: fov 95.774101
[2020.03.09-14.19.02:313][718]Cmd: fov 94.84346
[2020.03.09-14.19.02:348][719]Cmd: fov 93.821945
[2020.03.09-14.19.02:383][720]Cmd: fov 92.793594
[2020.03.09-14.19.02:417][721]Cmd: fov 91.816154
[2020.03.09-14.19.02:451][722]Cmd: fov 90.958138
[2020.03.09-14.19.02:485][723]Cmd: fov 90.282814
[2020.03.09-14.19.02:518][724]Cmd: fov 90.0
[2020.03.09-14.19.02:655][728]LogBlueprintUserMessages: Early EndPlayMap Detection: Level '/Game/AncientTemple_Pack/Maps/ruins_showcase.ruins_showcase:PersistentLevel' has LevelScriptBlueprint '/Game/AncientTemple_Pack/Maps/ruins_showcase.ruins_showcase:PersistentLevel.ruins_showcase' with GeneratedClass '/Game/AncientTemple_Pack/Maps/ruins_showcase.ruins_showcase_C' with ClassGeneratedBy '/Game/AncientTemple_Pack/Maps/ruins_showcase.ruins_showcase:PersistentLevel.ruins_showcase'
[2020.03.09-14.19.02:656][728]LogSlate: Updating window title bar state: overlay mode, drag disabled, window buttons hidden, title bar hidden
[2020.03.09-14.19.02:656][728]LogWorld: BeginTearingDown for /Game/AncientTemple_Pack/Maps/UEDPIE_0_ruins_showcase
[2020.03.09-14.19.02:674][728]LogSlate: Window 'laserPuzzle Game Preview Standalone (64-bit/PCD3D_SM5)' being destroyed
[2020.03.09-14.19.02:724][728]LogWorld: UWorld::CleanupWorld for ruins_showcase, bSessionEnded=true, bCleanupResources=true
[2020.03.09-14.19.02:755][728]LogPlayLevel: Display: Shutting down PIE online subsystems
[2020.03.09-14.19.02:755][728]LogBlueprintUserMessages: Late EndPlayMap Detection: Level '/Game/AncientTemple_Pack/Maps/ruins_showcase.ruins_showcase:PersistentLevel' has LevelScriptBlueprint '/Game/AncientTemple_Pack/Maps/ruins_showcase.ruins_showcase:PersistentLevel.ruins_showcase' with GeneratedClass '/Game/AncientTemple_Pack/Maps/ruins_showcase.ruins_showcase_C' with ClassGeneratedBy '/Game/AncientTemple_Pack/Maps/ruins_showcase.ruins_showcase:PersistentLevel.ruins_showcase'
[2020.03.09-14.19.02:787][728]LogUObjectHash: Compacting FUObjectHashTables data took   1.79ms
[2020.03.09-14.19.02:799][729]LogPlayLevel: Display: Destroying online subsystem :Context_20
[2020.03.09-14.19.46:805][889]LogSlate: FSceneViewport::OnFocusLost() reason 0
[2020.03.09-14.19.47:006][889]LogTemp: Repeating last play command: New Editor Window (PIE)
[2020.03.09-14.19.47:025][889]LogBlueprintUserMessages: Early PlayInEditor Detection: Level '/Game/AncientTemple_Pack/Maps/ruins_showcase.ruins_showcase:PersistentLevel' has LevelScriptBlueprint '/Game/AncientTemple_Pack/Maps/ruins_showcase.ruins_showcase:PersistentLevel.ruins_showcase' with GeneratedClass '/Game/AncientTemple_Pack/Maps/ruins_showcase.ruins_showcase_C' with ClassGeneratedBy '/Game/AncientTemple_Pack/Maps/ruins_showcase.ruins_showcase:PersistentLevel.ruins_showcase'
[2020.03.09-14.19.47:025][889]LogPlayLevel: PlayLevel: No blueprints needed recompiling
[2020.03.09-14.19.47:025][889]PIE: New page: PIE session: ruins_showcase (9/3/2020 16:19:47)
[2020.03.09-14.19.47:025][889]LogPlayLevel: Creating play world package: /Game/AncientTemple_Pack/Maps/UEDPIE_0_ruins_showcase
[2020.03.09-14.19.47:038][889]LogPlayLevel: PIE: StaticDuplicateObject took: (0.012631s)
[2020.03.09-14.19.47:039][889]LogAIModule: Creating AISystem for world ruins_showcase
[2020.03.09-14.19.47:039][889]LogPlayLevel: PIE: World Init took: (0.000912s)
[2020.03.09-14.19.47:039][889]LogPlayLevel: PIE: Created PIE world by copying editor world from /Game/AncientTemple_Pack/Maps/ruins_showcase.ruins_showcase to /Game/AncientTemple_Pack/Maps/UEDPIE_0_ruins_showcase.ruins_showcase (0.013663s)
[2020.03.09-14.19.47:062][889]LogUObjectHash: Compacting FUObjectHashTables data took   1.65ms
[2020.03.09-14.19.47:063][889]LogInit: XAudio2 using 'Focusrite USB (Focusrite USB Audio)' : 2 channels at 44.1 kHz using 16 bits per sample (channel mask 0x3)
[2020.03.09-14.19.47:066][889]LogInit: FAudioDevice initialized.
[2020.03.09-14.19.47:071][889]LogSlate: Updating window title bar state: overlay mode, drag disabled, window buttons hidden, title bar hidden
[2020.03.09-14.19.47:071][889]LogLoad: Game class is 'ThirdPersonGameMode_C'
[2020.03.09-14.19.47:077][889]LogWorld: Bringing World /Game/AncientTemple_Pack/Maps/UEDPIE_0_ruins_showcase.ruins_showcase up for play (max tick rate 0) at 2020.03.09-15.19.47
[2020.03.09-14.19.47:078][889]LogWorld: Bringing up level for play took: 0.005786
[2020.03.09-14.19.47:078][889]LogOnline: OSS: Creating online subsystem instance for: :Context_21
[2020.03.09-14.19.47:080][889]Cmd: stat fps
[2020.03.09-14.19.47:082][889]PIE: Play in editor start time for /Game/AncientTemple_Pack/Maps/UEDPIE_0_ruins_showcase -0,933
[2020.03.09-14.19.47:082][889]LogBlueprintUserMessages: Late PlayInEditor Detection: Level '/Game/AncientTemple_Pack/Maps/ruins_showcase.ruins_showcase:PersistentLevel' has LevelScriptBlueprint '/Game/AncientTemple_Pack/Maps/ruins_showcase.ruins_showcase:PersistentLevel.ruins_showcase' with GeneratedClass '/Game/AncientTemple_Pack/Maps/ruins_showcase.ruins_showcase_C' with ClassGeneratedBy '/Game/AncientTemple_Pack/Maps/ruins_showcase.ruins_showcase:PersistentLevel.ruins_showcase'
[2020.03.09-14.19.47:082][889]Cmd: fov 90.0
[2020.03.09-14.19.48:559][993]LogBlueprintUserMessages: Early EndPlayMap Detection: Level '/Game/AncientTemple_Pack/Maps/ruins_showcase.ruins_showcase:PersistentLevel' has LevelScriptBlueprint '/Game/AncientTemple_Pack/Maps/ruins_showcase.ruins_showcase:PersistentLevel.ruins_showcase' with GeneratedClass '/Game/AncientTemple_Pack/Maps/ruins_showcase.ruins_showcase_C' with ClassGeneratedBy '/Game/AncientTemple_Pack/Maps/ruins_showcase.ruins_showcase:PersistentLevel.ruins_showcase'
[2020.03.09-14.19.48:560][993]LogSlate: Updating window title bar state: overlay mode, drag disabled, window buttons hidden, title bar hidden
[2020.03.09-14.19.48:560][993]LogWorld: BeginTearingDown for /Game/AncientTemple_Pack/Maps/UEDPIE_0_ruins_showcase
[2020.03.09-14.19.48:577][993]LogSlate: Window 'laserPuzzle Game Preview Standalone (64-bit/PCD3D_SM5)' being destroyed
[2020.03.09-14.19.48:584][993]LogWorld: UWorld::CleanupWorld for ruins_showcase, bSessionEnded=true, bCleanupResources=true
[2020.03.09-14.19.48:592][993]LogPlayLevel: Display: Shutting down PIE online subsystems
[2020.03.09-14.19.48:593][993]LogBlueprintUserMessages: Late EndPlayMap Detection: Level '/Game/AncientTemple_Pack/Maps/ruins_showcase.ruins_showcase:PersistentLevel' has LevelScriptBlueprint '/Game/AncientTemple_Pack/Maps/ruins_showcase.ruins_showcase:PersistentLevel.ruins_showcase' with GeneratedClass '/Game/AncientTemple_Pack/Maps/ruins_showcase.ruins_showcase_C' with ClassGeneratedBy '/Game/AncientTemple_Pack/Maps/ruins_showcase.ruins_showcase:PersistentLevel.ruins_showcase'
[2020.03.09-14.19.48:622][993]LogUObjectHash: Compacting FUObjectHashTables data took   1.44ms
[2020.03.09-14.19.48:685][995]LogPlayLevel: Display: Destroying online subsystem :Context_21
[2020.03.09-14.19.49:093][ 44]LogSlate: FSceneViewport::OnFocusLost() reason 0
[2020.03.09-14.19.49:176][ 54]LogTemp: Repeating last play command: New Editor Window (PIE)
[2020.03.09-14.19.49:193][ 54]LogBlueprintUserMessages: Early PlayInEditor Detection: Level '/Game/AncientTemple_Pack/Maps/ruins_showcase.ruins_showcase:PersistentLevel' has LevelScriptBlueprint '/Game/AncientTemple_Pack/Maps/ruins_showcase.ruins_showcase:PersistentLevel.ruins_showcase' with GeneratedClass '/Game/AncientTemple_Pack/Maps/ruins_showcase.ruins_showcase_C' with ClassGeneratedBy '/Game/AncientTemple_Pack/Maps/ruins_showcase.ruins_showcase:PersistentLevel.ruins_showcase'
[2020.03.09-14.19.49:193][ 54]LogPlayLevel: PlayLevel: No blueprints needed recompiling
[2020.03.09-14.19.49:193][ 54]PIE: New page: PIE session: ruins_showcase (9/3/2020 16:19:49)
[2020.03.09-14.19.49:193][ 54]LogPlayLevel: Creating play world package: /Game/AncientTemple_Pack/Maps/UEDPIE_0_ruins_showcase
[2020.03.09-14.19.49:204][ 54]LogPlayLevel: PIE: StaticDuplicateObject took: (0.011378s)
[2020.03.09-14.19.49:205][ 54]LogAIModule: Creating AISystem for world ruins_showcase
[2020.03.09-14.19.49:205][ 54]LogPlayLevel: PIE: World Init took: (0.000705s)
[2020.03.09-14.19.49:205][ 54]LogPlayLevel: PIE: Created PIE world by copying editor world from /Game/AncientTemple_Pack/Maps/ruins_showcase.ruins_showcase to /Game/AncientTemple_Pack/Maps/UEDPIE_0_ruins_showcase.ruins_showcase (0.012190s)
[2020.03.09-14.19.49:226][ 54]LogUObjectHash: Compacting FUObjectHashTables data took   1.35ms
[2020.03.09-14.19.49:228][ 54]LogInit: XAudio2 using 'Focusrite USB (Focusrite USB Audio)' : 2 channels at 44.1 kHz using 16 bits per sample (channel mask 0x3)
[2020.03.09-14.19.49:231][ 54]LogInit: FAudioDevice initialized.
[2020.03.09-14.19.49:234][ 54]LogSlate: Updating window title bar state: overlay mode, drag disabled, window buttons hidden, title bar hidden
[2020.03.09-14.19.49:234][ 54]LogLoad: Game class is 'ThirdPersonGameMode_C'
[2020.03.09-14.19.49:240][ 54]LogWorld: Bringing World /Game/AncientTemple_Pack/Maps/UEDPIE_0_ruins_showcase.ruins_showcase up for play (max tick rate 0) at 2020.03.09-15.19.49
[2020.03.09-14.19.49:240][ 54]LogWorld: Bringing up level for play took: 0.005654
[2020.03.09-14.19.49:241][ 54]LogOnline: OSS: Creating online subsystem instance for: :Context_22
[2020.03.09-14.19.49:243][ 54]Cmd: stat fps
[2020.03.09-14.19.49:245][ 54]PIE: Play in editor start time for /Game/AncientTemple_Pack/Maps/UEDPIE_0_ruins_showcase -0,769
[2020.03.09-14.19.49:245][ 54]LogBlueprintUserMessages: Late PlayInEditor Detection: Level '/Game/AncientTemple_Pack/Maps/ruins_showcase.ruins_showcase:PersistentLevel' has LevelScriptBlueprint '/Game/AncientTemple_Pack/Maps/ruins_showcase.ruins_showcase:PersistentLevel.ruins_showcase' with GeneratedClass '/Game/AncientTemple_Pack/Maps/ruins_showcase.ruins_showcase_C' with ClassGeneratedBy '/Game/AncientTemple_Pack/Maps/ruins_showcase.ruins_showcase:PersistentLevel.ruins_showcase'
[2020.03.09-14.19.49:246][ 54]Cmd: fov 90.0
[2020.03.09-14.19.52:397][209]Cmd: fov 90.56073
[2020.03.09-14.19.52:432][210]Cmd: fov 91.35466
[2020.03.09-14.19.52:470][211]Cmd: fov 92.391663
[2020.03.09-14.19.52:506][212]Cmd: fov 93.456177
[2020.03.09-14.19.52:539][213]Cmd: fov 94.437515
[2020.03.09-14.19.52:573][214]Cmd: fov 95.370369
[2020.03.09-14.19.52:606][215]Cmd: fov 96.167267
[2020.03.09-14.19.52:641][216]Cmd: fov 96.767853
[2020.03.09-14.19.52:675][217]Cmd: fov 97.0
[2020.03.09-14.19.55:554][301]Cmd: fov 96.539764
[2020.03.09-14.19.55:588][302]Cmd: fov 95.830147
[2020.03.09-14.19.55:622][303]Cmd: fov 94.933586
[2020.03.09-14.19.55:658][304]Cmd: fov 93.937576
[2020.03.09-14.19.55:693][305]Cmd: fov 92.895432
[2020.03.09-14.19.55:727][306]Cmd: fov 91.895615
[2020.03.09-14.19.55:763][307]Cmd: fov 91.002808
[2020.03.09-14.19.55:797][308]Cmd: fov 90.312233
[2020.03.09-14.19.55:831][309]Cmd: fov 90.0
[2020.03.09-14.20.07:428][649]LogSlate: FSceneViewport::OnFocusLost() reason 5
